c:\users\natasha\documents\visual studio 2015\projects\matrixmultiplication_lab1\matrixmultiplication_lab1\debug\matrixmultiplication_lab1.pch
c:\users\natasha\documents\visual studio 2015\projects\matrixmultiplication_lab1\matrixmultiplication_lab1\debug\vc140.pdb
c:\users\natasha\documents\visual studio 2015\projects\matrixmultiplication_lab1\matrixmultiplication_lab1\debug\vc140.idb
c:\users\natasha\documents\visual studio 2015\projects\matrixmultiplication_lab1\matrixmultiplication_lab1\debug\stdafx.obj
c:\users\natasha\documents\visual studio 2015\projects\matrixmultiplication_lab1\matrixmultiplication_lab1\debug\matrixmultiplication_lab1.obj
c:\users\natasha\documents\visual studio 2015\projects\matrixmultiplication_lab1\debug\matrixmultiplication_lab1.ilk
c:\users\natasha\documents\visual studio 2015\projects\matrixmultiplication_lab1\debug\matrixmultiplication_lab1.exe
c:\users\natasha\documents\visual studio 2015\projects\matrixmultiplication_lab1\debug\matrixmultiplication_lab1.pdb
c:\users\natali\documents\visual studio 2015\projects\markina_ns_matrixmultiplication_lab1\matrixmultiplication_lab1\debug\matrixmultiplication_lab1.obj
c:\users\natali\documents\visual studio 2015\projects\markina_ns_matrixmultiplication_lab1\matrixmultiplication_lab1\debug\stdafx.obj
c:\users\natali\documents\visual studio 2015\projects\markina_ns_matrixmultiplication_lab1\matrixmultiplication_lab1\debug\matrixmultiplication_lab1.pch
c:\users\natali\documents\visual studio 2015\projects\markina_ns_matrixmultiplication_lab1\matrixmultiplication_lab1\debug\vc140.idb
c:\users\natali\documents\visual studio 2015\projects\markina_ns_matrixmultiplication_lab1\matrixmultiplication_lab1\debug\vc140.pdb
c:\users\natali\documents\visual studio 2015\projects\markina_ns_matrixmultiplication_lab1\debug\matrixmultiplication_lab1.pdb
c:\users\natali\documents\visual studio 2015\projects\markina_ns_matrixmultiplication_lab1\debug\matrixmultiplication_lab1.exe
c:\users\natali\documents\visual studio 2015\projects\markina_ns_matrixmultiplication_lab1\debug\matrixmultiplication_lab1.ilk
c:\users\natali\documents\visual studio 2015\projects\markina_ns_matrixmultiplication_lab1\matrixmultiplication_lab1\debug\matrixmu.bea55f16.tlog\cl.command.1.tlog
c:\users\natali\documents\visual studio 2015\projects\markina_ns_matrixmultiplication_lab1\matrixmultiplication_lab1\debug\matrixmu.bea55f16.tlog\cl.read.1.tlog
c:\users\natali\documents\visual studio 2015\projects\markina_ns_matrixmultiplication_lab1\matrixmultiplication_lab1\debug\matrixmu.bea55f16.tlog\cl.write.1.tlog
c:\users\natali\documents\visual studio 2015\projects\markina_ns_matrixmultiplication_lab1\matrixmultiplication_lab1\debug\matrixmu.bea55f16.tlog\link.command.1.tlog
c:\users\natali\documents\visual studio 2015\projects\markina_ns_matrixmultiplication_lab1\matrixmultiplication_lab1\debug\matrixmu.bea55f16.tlog\link.read.1.tlog
c:\users\natali\documents\visual studio 2015\projects\markina_ns_matrixmultiplication_lab1\matrixmultiplication_lab1\debug\matrixmu.bea55f16.tlog\link.write.1.tlog
